<?xml version="1.0" encoding="UTF-8"?>
<!-- Generated by org.testng.reporters.JUnitReportReporter -->
<testsuite hostname="LAPTOP-FET714UI" name="testCases.loginValidation_TestCases" tests="1" failures="0" timestamp="13 Apr 2021 06:35:37 GMT" time="41.545" errors="0">
  <testcase name="LoginValidation" time="41.545" classname="testCases.loginValidation_TestCases"/>
</testsuite> <!-- testCases.loginValidation_TestCases -->
